<?xml version="1.0" encoding="UTF-8"?>
<!-- Generated by org.testng.reporters.JUnitReportReporter -->
<testsuite skipped="0" hostname="DESKTOP-MTO6MC9" name="pkg2.ClassA" tests="4" failures="0" timestamp="2023-01-09T14:07:33 IST" time="0.016" errors="0">
  <testcase name="tc001" time="0.000" classname="pkg2.ClassA"/>
  <system-out>
tc001 executed successfull  </system-out>
  <testcase name="tc002" time="0.000" classname="pkg2.ClassA"/>
  <system-out>
tc002 executed successfull  </system-out>
  <testcase name="tc003" time="0.016" classname="pkg2.ClassA"/>
  <system-out>
tc003 executed successfull  </system-out>
  <testcase name="Login" time="0.000" classname="pkg2.ClassA"/>
  <system-out>
Login test successfull  </system-out>
</testsuite> <!-- pkg2.ClassA -->
