<?xml version="1.0" encoding="UTF-8"?>
<!-- Generated by org.testng.reporters.JUnitReportReporter -->
<testsuite skipped="0" hostname="DESKTOP-MTO6MC9" name="pkg1.ClassB" tests="4" failures="0" timestamp="2023-01-09T14:07:33 IST" time="0.015" errors="0">
  <testcase name="tc005" time="0.000" classname="pkg1.ClassB"/>
  <system-out>
tc005 executed successfull  </system-out>
  <testcase name="tc004" time="0.000" classname="pkg1.ClassB"/>
  <system-out>
tc004 executed successfull  </system-out>
  <testcase name="tc006" time="0.000" classname="pkg1.ClassB"/>
  <system-out>
tc006 executed successfull  </system-out>
  <testcase name="Logout" time="0.015" classname="pkg1.ClassB"/>
  <system-out>
Logout test successfull  </system-out>
</testsuite> <!-- pkg1.ClassB -->
